[0.378s] Invoking command in '/home/henrique/projects/rasp_ros_iot/tello_ws/src/tello_sub': PYTHONPATH=/home/henrique/projects/rasp_ros_iot/tello_ws/build/tello_sub/prefix_override:/usr/lib/python3/dist-packages/colcon_core/task/python/colcon_distutils_commands:/home/henrique/projects/rasp_ros_iot/tello_ws/install/tello_sub/lib/python3.10/site-packages:${PYTHONPATH} /usr/bin/python3 -W ignore:setup.py install is deprecated -W ignore:easy_install command is deprecated setup.py egg_info --egg-base ../../build/tello_sub build --build-base /home/henrique/projects/rasp_ros_iot/tello_ws/build/tello_sub/build install --record /home/henrique/projects/rasp_ros_iot/tello_ws/build/tello_sub/install.log --single-version-externally-managed install_data
[0.549s] running egg_info
[0.549s] writing ../../build/tello_sub/tello_sub.egg-info/PKG-INFO
[0.549s] writing dependency_links to ../../build/tello_sub/tello_sub.egg-info/dependency_links.txt
[0.549s] writing entry points to ../../build/tello_sub/tello_sub.egg-info/entry_points.txt
[0.549s] writing requirements to ../../build/tello_sub/tello_sub.egg-info/requires.txt
[0.550s] writing top-level names to ../../build/tello_sub/tello_sub.egg-info/top_level.txt
[0.552s] reading manifest file '../../build/tello_sub/tello_sub.egg-info/SOURCES.txt'
[0.552s] writing manifest file '../../build/tello_sub/tello_sub.egg-info/SOURCES.txt'
[0.553s] running build
[0.553s] running build_py
[0.553s] running install
[0.553s] running install_lib
[0.554s] running install_data
[0.555s] running install_egg_info
[0.556s] removing '/home/henrique/projects/rasp_ros_iot/tello_ws/install/tello_sub/lib/python3.10/site-packages/tello_sub-0.0.0-py3.10.egg-info' (and everything under it)
[0.557s] Copying ../../build/tello_sub/tello_sub.egg-info to /home/henrique/projects/rasp_ros_iot/tello_ws/install/tello_sub/lib/python3.10/site-packages/tello_sub-0.0.0-py3.10.egg-info
[0.557s] running install_scripts
[0.573s] Installing tello_subscriber script to /home/henrique/projects/rasp_ros_iot/tello_ws/install/tello_sub/lib/tello_sub
[0.573s] writing list of installed files to '/home/henrique/projects/rasp_ros_iot/tello_ws/build/tello_sub/install.log'
[0.592s] Invoked command in '/home/henrique/projects/rasp_ros_iot/tello_ws/src/tello_sub' returned '0': PYTHONPATH=/home/henrique/projects/rasp_ros_iot/tello_ws/build/tello_sub/prefix_override:/usr/lib/python3/dist-packages/colcon_core/task/python/colcon_distutils_commands:/home/henrique/projects/rasp_ros_iot/tello_ws/install/tello_sub/lib/python3.10/site-packages:${PYTHONPATH} /usr/bin/python3 -W ignore:setup.py install is deprecated -W ignore:easy_install command is deprecated setup.py egg_info --egg-base ../../build/tello_sub build --build-base /home/henrique/projects/rasp_ros_iot/tello_ws/build/tello_sub/build install --record /home/henrique/projects/rasp_ros_iot/tello_ws/build/tello_sub/install.log --single-version-externally-managed install_data
