running egg_info
writing ../../build/tello_sub/tello_sub.egg-info/PKG-INFO
writing dependency_links to ../../build/tello_sub/tello_sub.egg-info/dependency_links.txt
writing entry points to ../../build/tello_sub/tello_sub.egg-info/entry_points.txt
writing requirements to ../../build/tello_sub/tello_sub.egg-info/requires.txt
writing top-level names to ../../build/tello_sub/tello_sub.egg-info/top_level.txt
reading manifest file '../../build/tello_sub/tello_sub.egg-info/SOURCES.txt'
writing manifest file '../../build/tello_sub/tello_sub.egg-info/SOURCES.txt'
running build
running build_py
copying tello_sub/tello_subscriber.py -> /home/henrique/projects/rasp_ros_iot/tello_ws/build/tello_sub/build/lib/tello_sub
running install
running install_lib
copying /home/henrique/projects/rasp_ros_iot/tello_ws/build/tello_sub/build/lib/tello_sub/tello_subscriber.py -> /home/henrique/projects/rasp_ros_iot/tello_ws/install/tello_sub/lib/python3.10/site-packages/tello_sub
byte-compiling /home/henrique/projects/rasp_ros_iot/tello_ws/install/tello_sub/lib/python3.10/site-packages/tello_sub/tello_subscriber.py to tello_subscriber.cpython-310.pyc
running install_data
running install_egg_info
removing '/home/henrique/projects/rasp_ros_iot/tello_ws/install/tello_sub/lib/python3.10/site-packages/tello_sub-0.0.0-py3.10.egg-info' (and everything under it)
Copying ../../build/tello_sub/tello_sub.egg-info to /home/henrique/projects/rasp_ros_iot/tello_ws/install/tello_sub/lib/python3.10/site-packages/tello_sub-0.0.0-py3.10.egg-info
running install_scripts
Installing tello_subscriber script to /home/henrique/projects/rasp_ros_iot/tello_ws/install/tello_sub/lib/tello_sub
writing list of installed files to '/home/henrique/projects/rasp_ros_iot/tello_ws/build/tello_sub/install.log'
